Traceback (most recent call last):
  File "event_inversion.py", line 21, in <module>
    from src.sbi.pipeline import SingleEventPipeline, MultiEventPipeline, VaryDatasetSizeEventPipeline
  File "/home/alex/work/instaseis-sbi/instaseis-sbi/src/sbi/pipeline.py", line 6, in <module>
    import torch
  File "/home/alex/miniconda3/envs/instaseis/lib/python3.8/site-packages/torch/__init__.py", line 1187, in <module>
    from .functional import *  # noqa: F403
  File "/home/alex/miniconda3/envs/instaseis/lib/python3.8/site-packages/torch/functional.py", line 8, in <module>
    import torch.nn.functional as F
  File "/home/alex/miniconda3/envs/instaseis/lib/python3.8/site-packages/torch/nn/__init__.py", line 1, in <module>
    from .modules import *  # noqa: F403
  File "/home/alex/miniconda3/envs/instaseis/lib/python3.8/site-packages/torch/nn/modules/__init__.py", line 27, in <module>
    from .rnn import RNNBase, RNN, LSTM, GRU, \
  File "/home/alex/miniconda3/envs/instaseis/lib/python3.8/site-packages/torch/nn/modules/rnn.py", line 11, in <module>
    from ..utils.rnn import PackedSequence
  File "/home/alex/miniconda3/envs/instaseis/lib/python3.8/site-packages/torch/nn/utils/__init__.py", line 2, in <module>
    from .clip_grad import clip_grad_norm, clip_grad_norm_, clip_grad_value_
  File "/home/alex/miniconda3/envs/instaseis/lib/python3.8/site-packages/torch/nn/utils/clip_grad.py", line 6, in <module>
    from torch.utils._foreach_utils import _group_tensors_by_device_and_dtype, _has_foreach_support
  File "<frozen importlib._bootstrap>", line 991, in _find_and_load
  File "<frozen importlib._bootstrap>", line 975, in _find_and_load_unlocked
  File "<frozen importlib._bootstrap>", line 671, in _load_unlocked
  File "<frozen importlib._bootstrap_external>", line 839, in exec_module
  File "<frozen importlib._bootstrap_external>", line 971, in get_code
  File "<frozen importlib._bootstrap_external>", line 640, in _compile_bytecode
KeyboardInterrupt
